2025-09-08 20:03:40,404 - __main__ - INFO - ============================================================
2025-09-08 20:03:40,404 - __main__ - INFO - ATS 2.0 - Automated Trading System
2025-09-08 20:03:40,404 - __main__ - INFO - ============================================================
2025-09-08 20:03:40,405 - __main__ - INFO - Configuration: {
  "mode": "live",
  "exchange": "bybit",
  "testnet": true,
  "position_size": 10.0,
  "leverage": 10,
  "max_positions": 1000,
  "stop_loss": {
    "enabled": true,
    "type": "trailing",
    "percent": 6.5
  },
  "take_profit": {
    "enabled": false,
    "type": "simple",
    "percent": 5.0
  }
}
2025-09-08 20:03:40,405 - __main__ - INFO - Initializing database connection...
2025-09-08 20:03:40,405 - database.signal_repository_v2 - INFO - SignalRepositoryV2 initialized with MIN_SCORE_WEEK=50.0, MIN_SCORE_MONTH=50.0
2025-09-08 20:03:41,576 - database.connection - INFO - Database connection pool initialized
2025-09-08 20:03:41,576 - database.connection - INFO - Database manager initialized
2025-09-08 20:03:41,824 - __main__ - INFO - Database connection established
2025-09-08 20:03:41,824 - __main__ - INFO - Initializing bybit exchange...
2025-09-08 20:03:41,824 - __main__ - INFO - Using testnet thresholds: volume=$10,000, spread=10.0%
2025-09-08 20:03:42,649 - exchanges.bybit - INFO - Bybit testnet connected successfully
2025-09-08 20:03:42,650 - __main__ - INFO - BYBIT initialized (Testnet)
2025-09-08 20:03:42,917 - __main__ - INFO - Initializing signal processor...
2025-09-08 20:03:42,918 - __main__ - INFO - Signal processor initialized
2025-09-08 20:03:42,918 - __main__ - INFO - System initialization complete
2025-09-08 20:03:42,918 - __main__ - INFO - ============================================================
2025-09-08 20:03:42,918 - __main__ - INFO - System is running. Press Ctrl+C to stop.
2025-09-08 20:03:42,918 - __main__ - INFO - ============================================================
2025-09-08 20:03:42,918 - __main__ - INFO - Starting signal monitor...
2025-09-08 20:03:42,918 - __main__ - INFO - Using new signal source: fas.scoring_history
2025-09-08 20:03:42,919 - __main__ - INFO - Starting enhanced position monitor...
2025-09-08 20:03:42,919 - __main__ - INFO - Starting prediction listener...
2025-09-08 20:03:42,920 - __main__ - INFO - Starting cleanup task...
2025-09-08 20:03:43,171 - __main__ - INFO - 游늵 Monitoring 20 open positions
2025-09-08 20:03:43,889 - database.connection - INFO - Listening to channel: smart_predictions
2025-09-08 20:03:43,923 - __main__ - INFO - 游릭 SOLUSDT LONG: PNL +2865.26% ($+3815.03)
2025-09-08 20:03:43,923 - __main__ - WARNING - Emergency stop for SOLUSDT: PNL 2865.26%
2025-09-08 20:03:45,221 - exchanges.base - INFO - Closed LONG position for SOLUSDT: reason=EMERGENCY
2025-09-08 20:03:45,381 - __main__ - INFO - Today's metrics: Signals: 0, Positions: 72, PNL: $22737.60
2025-09-08 20:03:46,205 - __main__ - INFO - 游댮 RUNEUSDT LONG: PNL -30.95% ($-25.49)
2025-09-08 20:03:46,206 - __main__ - WARNING - Emergency stop for RUNEUSDT: PNL -30.95%
2025-09-08 20:03:47,010 - exchanges.base - INFO - Closed LONG position for RUNEUSDT: reason=EMERGENCY
2025-09-08 20:03:47,915 - __main__ - INFO - 游릭 PEOPLEUSDT LONG: PNL +11.07% ($+11.07)
2025-09-08 20:03:47,916 - __main__ - WARNING - Emergency stop for PEOPLEUSDT: PNL 11.07%
2025-09-08 20:03:49,387 - exchanges.base - INFO - Closed LONG position for PEOPLEUSDT: reason=EMERGENCY
2025-09-08 20:03:49,387 - __main__ - INFO - Using new signal source: fas.scoring_history
2025-09-08 20:03:50,624 - __main__ - INFO - 游릭 QNTUSDT LONG: PNL +0.71% ($+5.66)
2025-09-08 20:03:51,547 - __main__ - INFO - 游댮 PORTALUSDT LONG: PNL -4.16% ($-4.16)
2025-09-08 20:03:52,128 - __main__ - INFO - 游댮 10000COQUSDT LONG: PNL -3.27% ($-3.27)
2025-09-08 20:03:53,047 - __main__ - INFO - 游댮 IMXUSDT LONG: PNL -2.04% ($-4.09)
2025-09-08 20:03:53,633 - __main__ - INFO - 游릭 1000000BABYDOGEUSDT LONG: PNL +3.32% ($+19.92)
2025-09-08 20:03:54,805 - __main__ - INFO - 游릭 METISUSDT LONG: PNL +0.04% ($+0.14)
2025-09-08 20:03:55,406 - __main__ - INFO - Using new signal source: fas.scoring_history
2025-09-08 20:03:56,315 - __main__ - INFO - 游댮 BOMEUSDT LONG: PNL -7.60% ($-15.19)
2025-09-08 20:03:57,816 - __main__ - INFO - 游릭 NOTUSDT LONG: PNL +1.92% ($+7.69)
2025-09-08 20:03:58,400 - __main__ - INFO - 游댮 AAVEUSDT LONG: PNL -4.17% ($-33.14)
2025-09-08 20:03:58,984 - __main__ - INFO - 游릭 1000CATUSDT LONG: PNL +0.18% ($+0.72)
2025-09-08 20:04:00,484 - __main__ - INFO - 游릭 MOODENGUSDT LONG: PNL +0.46% ($+2.75)
2025-09-08 20:04:00,753 - __main__ - INFO - Using new signal source: fas.scoring_history
2025-09-08 20:04:01,071 - __main__ - INFO - 游릭 SLERFUSDT LONG: PNL +2.00% ($+4.00)
2025-09-08 20:04:01,658 - __main__ - INFO - 游댮 CELRUSDT LONG: PNL -0.53% ($-4.75)
2025-09-08 20:04:05,997 - __main__ - INFO - Using new signal source: fas.scoring_history
2025-09-08 20:04:11,330 - __main__ - INFO - Using new signal source: fas.scoring_history
2025-09-08 20:04:11,819 - __main__ - INFO - 游늵 Monitoring 17 open positions
2025-09-08 20:04:16,567 - __main__ - INFO - Using new signal source: fas.scoring_history
2025-09-08 20:04:21,963 - __main__ - INFO - Using new signal source: fas.scoring_history
2025-09-08 20:04:27,198 - __main__ - INFO - Using new signal source: fas.scoring_history
2025-09-08 20:04:32,437 - __main__ - INFO - Using new signal source: fas.scoring_history
2025-09-08 20:04:33,953 - __main__ - INFO - 游늵 Monitoring 17 open positions
2025-09-08 20:04:37,680 - __main__ - INFO - Using new signal source: fas.scoring_history
2025-09-08 20:04:43,487 - __main__ - INFO - Using new signal source: fas.scoring_history
2025-09-08 20:04:48,922 - __main__ - INFO - Using new signal source: fas.scoring_history
2025-09-08 20:04:54,173 - __main__ - INFO - Using new signal source: fas.scoring_history
2025-09-08 20:04:57,749 - __main__ - INFO - 游늵 Monitoring 17 open positions
2025-09-08 20:04:59,410 - __main__ - INFO - Using new signal source: fas.scoring_history
2025-09-08 20:05:05,381 - __main__ - INFO - Using new signal source: fas.scoring_history
2025-09-08 20:05:11,071 - __main__ - INFO - Using new signal source: fas.scoring_history
2025-09-08 20:05:16,318 - __main__ - INFO - Using new signal source: fas.scoring_history
2025-09-08 20:05:21,554 - __main__ - INFO - 游늵 Monitoring 17 open positions
2025-09-08 20:05:22,151 - __main__ - INFO - Using new signal source: fas.scoring_history
2025-09-08 20:05:27,392 - __main__ - INFO - Using new signal source: fas.scoring_history
2025-09-08 20:05:33,176 - __main__ - INFO - Using new signal source: fas.scoring_history
2025-09-08 20:05:38,612 - __main__ - INFO - Using new signal source: fas.scoring_history
2025-09-08 20:05:43,855 - __main__ - INFO - Using new signal source: fas.scoring_history
2025-09-08 20:05:44,012 - __main__ - INFO - 游늵 Monitoring 17 open positions
2025-09-08 20:05:49,361 - __main__ - INFO - Using new signal source: fas.scoring_history
2025-09-08 20:05:54,800 - __main__ - INFO - Using new signal source: fas.scoring_history
2025-09-08 20:06:00,041 - __main__ - INFO - Using new signal source: fas.scoring_history
2025-09-08 20:06:05,287 - __main__ - INFO - Using new signal source: fas.scoring_history
2025-09-08 20:06:06,787 - __main__ - INFO - 游늵 Monitoring 17 open positions
2025-09-08 20:06:10,741 - __main__ - INFO - Using new signal source: fas.scoring_history
2025-09-08 20:06:15,990 - __main__ - INFO - Using new signal source: fas.scoring_history
2025-09-08 20:06:21,429 - __main__ - INFO - Using new signal source: fas.scoring_history
2025-09-08 20:06:26,665 - __main__ - INFO - Using new signal source: fas.scoring_history
2025-09-08 20:06:29,578 - __main__ - INFO - 游늵 Monitoring 17 open positions
2025-09-08 20:06:32,012 - __main__ - INFO - Using new signal source: fas.scoring_history
2025-09-08 20:06:37,769 - __main__ - INFO - Using new signal source: fas.scoring_history
2025-09-08 20:06:43,018 - __main__ - INFO - Using new signal source: fas.scoring_history
2025-09-08 20:06:48,273 - __main__ - INFO - Using new signal source: fas.scoring_history
2025-09-08 20:06:53,438 - __main__ - INFO - 游늵 Monitoring 17 open positions
2025-09-08 20:06:53,706 - __main__ - INFO - Using new signal source: fas.scoring_history
2025-09-08 20:06:58,961 - __main__ - INFO - Using new signal source: fas.scoring_history
2025-09-08 20:07:04,644 - __main__ - INFO - Using new signal source: fas.scoring_history
2025-09-08 20:07:09,888 - __main__ - INFO - Using new signal source: fas.scoring_history
2025-09-08 20:07:14,756 - __main__ - INFO - 游늵 Monitoring 17 open positions
2025-09-08 20:07:15,359 - __main__ - INFO - Using new signal source: fas.scoring_history
2025-09-08 20:07:20,777 - __main__ - INFO - Using new signal source: fas.scoring_history
2025-09-08 20:07:26,189 - __main__ - INFO - Using new signal source: fas.scoring_history
