2025-09-08 20:03:38,314 - INFO - ============================================================
2025-09-08 20:03:38,314 - INFO - 🚀 Universal Protection Monitor Starting
2025-09-08 20:03:38,314 - INFO - ============================================================
2025-09-08 20:03:38,314 - INFO - Mode: PRODUCTION
2025-09-08 20:03:38,314 - INFO - Check interval: 30 seconds
2025-09-08 20:03:38,314 - INFO - Stop Loss: 6.5%
2025-09-08 20:03:38,314 - INFO - Trailing Stop: 0.5%
2025-09-08 20:03:38,314 - INFO - Auto Protection: ENABLED
2025-09-08 20:03:38,314 - INFO - ============================================================
2025-09-08 20:03:39,807 - INFO - Connected to Binance Futures Testnet
2025-09-08 20:03:41,165 - INFO - Loaded 532 tradeable symbols
2025-09-08 20:03:41,701 - INFO - Binance connection closed
2025-09-08 20:03:42,214 - INFO - Bybit testnet connected successfully
2025-09-08 20:03:49,935 - INFO - Bybit connection closed
2025-09-08 20:03:49,938 - WARNING - ⚠️ UNPROTECTED: BYBIT PEOPLEUSDT LONG ($111.07)
2025-09-08 20:03:49,939 - INFO - 🛡️ Adding protection to bybit PEOPLEUSDT
2025-09-08 20:03:50,424 - INFO - Bybit testnet connected successfully
2025-09-08 20:03:50,692 - INFO - Setting trailing stop for PEOPLEUSDT: callback_rate=0.5%
2025-09-08 20:03:51,292 - INFO - Bybit trailing stop created: ea565bbf-61bb-4049-a704-a01e75fc1721
2025-09-08 20:03:51,292 - INFO - Bybit connection closed
2025-09-08 20:03:51,292 - INFO - ✅ Protection added: ea565bbf-61bb-4049-a704-a01e75fc1721
2025-09-08 20:03:51,293 - WARNING - ⚠️ UNPROTECTED: BYBIT RUNEUSDT LONG ($56.88)
2025-09-08 20:03:51,293 - INFO - 🛡️ Adding protection to bybit RUNEUSDT
2025-09-08 20:03:51,776 - INFO - Bybit testnet connected successfully
2025-09-08 20:03:52,045 - INFO - Setting trailing stop for RUNEUSDT: callback_rate=0.5%
2025-09-08 20:03:52,311 - INFO - Bybit trailing stop created: f5544626-7432-4bcf-a47d-9129861083f4
2025-09-08 20:03:52,311 - INFO - Bybit connection closed
2025-09-08 20:03:52,311 - INFO - ✅ Protection added: f5544626-7432-4bcf-a47d-9129861083f4
2025-09-08 20:03:52,312 - WARNING - ⚠️ UNPROTECTED: BYBIT OPUSDT LONG ($100.15)
2025-09-08 20:03:52,313 - INFO - 🛡️ Adding protection to bybit OPUSDT
2025-09-08 20:03:52,786 - INFO - Bybit testnet connected successfully
2025-09-08 20:03:53,386 - INFO - Setting trailing stop for OPUSDT: callback_rate=0.5%
2025-09-08 20:03:53,651 - INFO - Bybit trailing stop created: 25cbde0d-e3d1-4882-96f7-f4ed39143f2f
2025-09-08 20:03:53,652 - INFO - Bybit connection closed
2025-09-08 20:03:53,652 - INFO - ✅ Protection added: 25cbde0d-e3d1-4882-96f7-f4ed39143f2f
2025-09-08 20:03:53,654 - WARNING - ⚠️ UNPROTECTED: BYBIT BOMEUSDT LONG ($185.01)
2025-09-08 20:03:53,654 - INFO - 🛡️ Adding protection to bybit BOMEUSDT
2025-09-08 20:03:54,135 - INFO - Bybit testnet connected successfully
2025-09-08 20:03:54,402 - INFO - Setting trailing stop for BOMEUSDT: callback_rate=0.5%
2025-09-08 20:03:54,666 - INFO - Bybit trailing stop created: 2e802a8a-cc36-4613-abf5-08e586f434e2
2025-09-08 20:03:54,666 - INFO - Bybit connection closed
2025-09-08 20:03:54,667 - INFO - ✅ Protection added: 2e802a8a-cc36-4613-abf5-08e586f434e2
2025-09-08 20:03:54,668 - WARNING - ⚠️ UNPROTECTED: BYBIT 1000CATUSDT LONG ($406.58)
2025-09-08 20:03:54,669 - INFO - 🛡️ Adding protection to bybit 1000CATUSDT
2025-09-08 20:03:55,149 - INFO - Bybit testnet connected successfully
2025-09-08 20:03:55,413 - INFO - Setting trailing stop for 1000CATUSDT: callback_rate=0.5%
2025-09-08 20:03:55,681 - INFO - Bybit trailing stop created: 926908d3-6ab9-430d-86e3-13b77f6cf218
2025-09-08 20:03:55,681 - INFO - Bybit connection closed
2025-09-08 20:03:55,681 - INFO - ✅ Protection added: 926908d3-6ab9-430d-86e3-13b77f6cf218
2025-09-08 20:03:55,682 - WARNING - ⚠️ UNPROTECTED: BYBIT CELRUSDT LONG ($896.09)
2025-09-08 20:03:55,683 - INFO - 🛡️ Adding protection to bybit CELRUSDT
2025-09-08 20:03:56,161 - INFO - Bybit testnet connected successfully
2025-09-08 20:03:56,424 - INFO - Setting trailing stop for CELRUSDT: callback_rate=0.5%
2025-09-08 20:03:56,691 - INFO - Bybit trailing stop created: ef5950d4-b514-4573-905b-ff78b63fe09d
2025-09-08 20:03:56,691 - INFO - Bybit connection closed
2025-09-08 20:03:56,691 - INFO - ✅ Protection added: ef5950d4-b514-4573-905b-ff78b63fe09d
2025-09-08 20:03:56,693 - WARNING - ⚠️ UNPROTECTED: BYBIT METISUSDT LONG ($400.28)
2025-09-08 20:03:56,693 - INFO - 🛡️ Adding protection to bybit METISUSDT
2025-09-08 20:03:57,170 - INFO - Bybit testnet connected successfully
2025-09-08 20:03:57,439 - INFO - Setting trailing stop for METISUSDT: callback_rate=0.5%
2025-09-08 20:03:57,703 - INFO - Bybit trailing stop created: 51cd707f-6601-42d9-a1b1-0e414e108536
2025-09-08 20:03:57,703 - INFO - Bybit connection closed
2025-09-08 20:03:57,703 - INFO - ✅ Protection added: 51cd707f-6601-42d9-a1b1-0e414e108536
2025-09-08 20:03:57,704 - WARNING - ⚠️ UNPROTECTED: BYBIT SOLUSDT LONG ($2371.86)
2025-09-08 20:03:57,704 - INFO - 🛡️ Adding protection to bybit SOLUSDT
2025-09-08 20:03:58,182 - INFO - Bybit testnet connected successfully
2025-09-08 20:03:58,451 - INFO - Setting trailing stop for SOLUSDT: callback_rate=0.5%
2025-09-08 20:03:58,718 - INFO - Bybit trailing stop created: dd837746-b0a9-453a-90e9-b1fde67ccf7b
2025-09-08 20:03:58,718 - INFO - Bybit connection closed
2025-09-08 20:03:58,718 - INFO - ✅ Protection added: dd837746-b0a9-453a-90e9-b1fde67ccf7b
2025-09-08 20:03:58,719 - WARNING - ⚠️ UNPROTECTED: BYBIT MOODENGUSDT LONG ($602.76)
2025-09-08 20:03:58,720 - INFO - 🛡️ Adding protection to bybit MOODENGUSDT
2025-09-08 20:03:59,189 - INFO - Bybit testnet connected successfully
2025-09-08 20:03:59,456 - INFO - Setting trailing stop for MOODENGUSDT: callback_rate=0.5%
2025-09-08 20:03:59,722 - INFO - Bybit trailing stop created: 130e3027-ecfc-4c67-8ce4-59e95cc41199
2025-09-08 20:03:59,722 - INFO - Bybit connection closed
2025-09-08 20:03:59,722 - INFO - ✅ Protection added: 130e3027-ecfc-4c67-8ce4-59e95cc41199
2025-09-08 20:03:59,723 - WARNING - ⚠️ UNPROTECTED: BYBIT SLERFUSDT LONG ($204.03)
2025-09-08 20:03:59,723 - INFO - 🛡️ Adding protection to bybit SLERFUSDT
2025-09-08 20:04:00,194 - INFO - Bybit testnet connected successfully
2025-09-08 20:04:00,458 - INFO - Setting trailing stop for SLERFUSDT: callback_rate=0.5%
2025-09-08 20:04:00,725 - INFO - Bybit trailing stop created: d51be436-3f95-4809-bdfc-7963d5023057
2025-09-08 20:04:00,725 - INFO - Bybit connection closed
2025-09-08 20:04:00,725 - INFO - ✅ Protection added: d51be436-3f95-4809-bdfc-7963d5023057
2025-09-08 20:04:00,727 - WARNING - ⚠️ UNPROTECTED: BYBIT 1000000BABYDOGEUSDT LONG ($619.79)
2025-09-08 20:04:00,727 - INFO - 🛡️ Adding protection to bybit 1000000BABYDOGEUSDT
2025-09-08 20:04:01,218 - INFO - Bybit testnet connected successfully
2025-09-08 20:04:01,486 - INFO - Setting trailing stop for 1000000BABYDOGEUSDT: callback_rate=0.5%
2025-09-08 20:04:01,753 - INFO - Bybit trailing stop created: 8dfbb1b3-5723-4098-98f8-26be00a70dce
2025-09-08 20:04:01,754 - INFO - Bybit connection closed
2025-09-08 20:04:01,754 - INFO - ✅ Protection added: 8dfbb1b3-5723-4098-98f8-26be00a70dce
2025-09-08 20:04:01,755 - WARNING - ⚠️ UNPROTECTED: BYBIT NOTUSDT LONG ($409.00)
2025-09-08 20:04:01,756 - INFO - 🛡️ Adding protection to bybit NOTUSDT
2025-09-08 20:04:02,253 - INFO - Bybit testnet connected successfully
2025-09-08 20:04:02,525 - INFO - Setting trailing stop for NOTUSDT: callback_rate=0.5%
2025-09-08 20:04:02,793 - INFO - Bybit trailing stop created: 7f87ed70-afa8-4a3a-a6f5-d5f637ce652f
2025-09-08 20:04:02,793 - INFO - Bybit connection closed
2025-09-08 20:04:02,793 - INFO - ✅ Protection added: 7f87ed70-afa8-4a3a-a6f5-d5f637ce652f
2025-09-08 20:04:02,795 - WARNING - ⚠️ UNPROTECTED: BYBIT AAVEUSDT LONG ($762.49)
2025-09-08 20:04:02,795 - INFO - 🛡️ Adding protection to bybit AAVEUSDT
2025-09-08 20:04:03,286 - INFO - Bybit testnet connected successfully
2025-09-08 20:04:03,555 - INFO - Setting trailing stop for AAVEUSDT: callback_rate=0.5%
2025-09-08 20:04:03,826 - INFO - Bybit trailing stop created: 8e188053-fe13-42b5-b822-6583a3a9b638
2025-09-08 20:04:03,826 - INFO - Bybit connection closed
2025-09-08 20:04:03,826 - INFO - ✅ Protection added: 8e188053-fe13-42b5-b822-6583a3a9b638
2025-09-08 20:04:03,826 - WARNING - ⚠️ UNPROTECTED: BYBIT IMXUSDT LONG ($196.10)
2025-09-08 20:04:03,826 - INFO - 🛡️ Adding protection to bybit IMXUSDT
2025-09-08 20:04:04,295 - INFO - Bybit testnet connected successfully
2025-09-08 20:04:04,561 - INFO - Setting trailing stop for IMXUSDT: callback_rate=0.5%
2025-09-08 20:04:04,830 - INFO - Bybit trailing stop created: dcfff714-4280-4e31-aedd-4d1cdbe84340
2025-09-08 20:04:04,830 - INFO - Bybit connection closed
2025-09-08 20:04:04,830 - INFO - ✅ Protection added: dcfff714-4280-4e31-aedd-4d1cdbe84340
2025-09-08 20:04:04,832 - WARNING - ⚠️ UNPROTECTED: BYBIT QNTUSDT LONG ($806.48)
2025-09-08 20:04:04,832 - INFO - 🛡️ Adding protection to bybit QNTUSDT
2025-09-08 20:04:05,326 - INFO - Bybit testnet connected successfully
2025-09-08 20:04:05,594 - INFO - Setting trailing stop for QNTUSDT: callback_rate=0.5%
2025-09-08 20:04:05,860 - INFO - Bybit trailing stop created: 7294ab00-6d61-423d-bc2a-1cb922c5df6c
2025-09-08 20:04:05,860 - INFO - Bybit connection closed
2025-09-08 20:04:05,860 - INFO - ✅ Protection added: 7294ab00-6d61-423d-bc2a-1cb922c5df6c
2025-09-08 20:04:05,862 - WARNING - ⚠️ UNPROTECTED: BYBIT LSKUSDT LONG ($100.01)
2025-09-08 20:04:05,863 - INFO - 🛡️ Adding protection to bybit LSKUSDT
2025-09-08 20:04:06,371 - INFO - Bybit testnet connected successfully
2025-09-08 20:04:06,641 - INFO - Setting trailing stop for LSKUSDT: callback_rate=0.5%
2025-09-08 20:04:06,910 - INFO - Bybit trailing stop created: 088eccae-20bb-43f9-85e4-ccbc28b39ab7
2025-09-08 20:04:06,910 - INFO - Bybit connection closed
2025-09-08 20:04:06,910 - INFO - ✅ Protection added: 088eccae-20bb-43f9-85e4-ccbc28b39ab7
2025-09-08 20:04:06,912 - WARNING - ⚠️ UNPROTECTED: BYBIT PORTALUSDT LONG ($95.96)
2025-09-08 20:04:06,912 - INFO - 🛡️ Adding protection to bybit PORTALUSDT
2025-09-08 20:04:07,405 - INFO - Bybit testnet connected successfully
2025-09-08 20:04:07,673 - INFO - Setting trailing stop for PORTALUSDT: callback_rate=0.5%
2025-09-08 20:04:07,941 - INFO - Bybit trailing stop created: 7c5548da-0b71-4d76-afa0-73745e6705f5
2025-09-08 20:04:07,941 - INFO - Bybit connection closed
2025-09-08 20:04:07,941 - INFO - ✅ Protection added: 7c5548da-0b71-4d76-afa0-73745e6705f5
2025-09-08 20:04:07,947 - WARNING - ⚠️ UNPROTECTED: BYBIT MANTAUSDT LONG ($100.14)
2025-09-08 20:04:07,947 - INFO - 🛡️ Adding protection to bybit MANTAUSDT
2025-09-08 20:04:08,440 - INFO - Bybit testnet connected successfully
2025-09-08 20:04:08,705 - INFO - Setting trailing stop for MANTAUSDT: callback_rate=0.5%
2025-09-08 20:04:08,972 - INFO - Bybit trailing stop created: ed18cc6e-bd7a-40c5-8e84-9fac497f896e
2025-09-08 20:04:08,972 - INFO - Bybit connection closed
2025-09-08 20:04:08,972 - INFO - ✅ Protection added: ed18cc6e-bd7a-40c5-8e84-9fac497f896e
2025-09-08 20:04:08,975 - WARNING - ⚠️ UNPROTECTED: BYBIT 10000COQUSDT LONG ($96.77)
2025-09-08 20:04:08,975 - INFO - 🛡️ Adding protection to bybit 10000COQUSDT
2025-09-08 20:04:09,460 - INFO - Bybit testnet connected successfully
2025-09-08 20:04:09,734 - INFO - Setting trailing stop for 10000COQUSDT: callback_rate=0.5%
2025-09-08 20:04:10,003 - INFO - Bybit trailing stop created: 99378df0-425d-4e1d-bb62-6d39d8822e38
2025-09-08 20:04:10,003 - INFO - Bybit connection closed
2025-09-08 20:04:10,004 - INFO - ✅ Protection added: 99378df0-425d-4e1d-bb62-6d39d8822e38
2025-09-08 20:04:10,006 - WARNING - ⚠️ UNPROTECTED: BYBIT CHESSUSDT LONG ($100.10)
2025-09-08 20:04:10,006 - INFO - 🛡️ Adding protection to bybit CHESSUSDT
2025-09-08 20:04:10,497 - INFO - Bybit testnet connected successfully
2025-09-08 20:04:11,096 - INFO - Setting trailing stop for CHESSUSDT: callback_rate=0.5%
2025-09-08 20:04:11,364 - INFO - Bybit trailing stop created: 7878353d-820c-45ae-a9e0-137ea2e0bdf2
2025-09-08 20:04:11,364 - INFO - Bybit connection closed
2025-09-08 20:04:11,364 - INFO - ✅ Protection added: 7878353d-820c-45ae-a9e0-137ea2e0bdf2
2025-09-08 20:04:11,366 - INFO - 📊 Check #1: 20 positions, 20 unprotected, 0 missing TS
2025-09-08 20:04:11,366 - WARNING - ⚠️ Unprotected positions:
2025-09-08 20:04:11,366 - WARNING -   - BYBIT PEOPLEUSDT LONG: $111.07
2025-09-08 20:04:11,366 - WARNING -   - BYBIT RUNEUSDT LONG: $56.88
2025-09-08 20:04:11,366 - WARNING -   - BYBIT OPUSDT LONG: $100.15
2025-09-08 20:04:11,366 - WARNING -   - BYBIT BOMEUSDT LONG: $185.01
2025-09-08 20:04:11,366 - WARNING -   - BYBIT 1000CATUSDT LONG: $406.58
2025-09-08 20:04:11,366 - WARNING -   - BYBIT CELRUSDT LONG: $896.09
2025-09-08 20:04:11,366 - WARNING -   - BYBIT METISUSDT LONG: $400.28
2025-09-08 20:04:11,366 - WARNING -   - BYBIT SOLUSDT LONG: $2371.86
2025-09-08 20:04:11,366 - WARNING -   - BYBIT MOODENGUSDT LONG: $602.76
2025-09-08 20:04:11,367 - WARNING -   - BYBIT SLERFUSDT LONG: $204.03
2025-09-08 20:04:11,367 - WARNING -   - BYBIT 1000000BABYDOGEUSDT LONG: $619.79
2025-09-08 20:04:11,367 - WARNING -   - BYBIT NOTUSDT LONG: $409.00
2025-09-08 20:04:11,367 - WARNING -   - BYBIT AAVEUSDT LONG: $762.49
2025-09-08 20:04:11,367 - WARNING -   - BYBIT IMXUSDT LONG: $196.10
2025-09-08 20:04:11,367 - WARNING -   - BYBIT QNTUSDT LONG: $806.48
2025-09-08 20:04:11,367 - WARNING -   - BYBIT LSKUSDT LONG: $100.01
2025-09-08 20:04:11,367 - WARNING -   - BYBIT PORTALUSDT LONG: $95.96
2025-09-08 20:04:11,367 - WARNING -   - BYBIT MANTAUSDT LONG: $100.14
2025-09-08 20:04:11,367 - WARNING -   - BYBIT 10000COQUSDT LONG: $96.77
2025-09-08 20:04:11,367 - WARNING -   - BYBIT CHESSUSDT LONG: $100.10
2025-09-08 20:04:42,335 - INFO - Connected to Binance Futures Testnet
2025-09-08 20:04:43,706 - INFO - Loaded 532 tradeable symbols
2025-09-08 20:04:44,254 - INFO - Binance connection closed
2025-09-08 20:04:44,774 - INFO - Bybit testnet connected successfully
2025-09-08 20:04:52,585 - INFO - Bybit connection closed
2025-09-08 20:04:52,588 - INFO - 🟢 BYBIT PEOPLEUSDT LONG: PNL +14.99% ($+14.99)
2025-09-08 20:04:52,588 - INFO - 💰 BYBIT PEOPLEUSDT: $0.02 → $0.02 (+3.53%)
2025-09-08 20:04:52,588 - INFO - 📊 Check #2: 20 positions, 20 unprotected, 0 missing TS
2025-09-08 20:04:52,588 - WARNING - ⚠️ Unprotected positions:
2025-09-08 20:04:52,589 - WARNING -   - BYBIT PEOPLEUSDT LONG: $114.99
2025-09-08 20:04:52,589 - WARNING -   - BYBIT RUNEUSDT LONG: $56.88
2025-09-08 20:04:52,589 - WARNING -   - BYBIT OPUSDT LONG: $100.03
2025-09-08 20:04:52,589 - WARNING -   - BYBIT BOMEUSDT LONG: $184.70
2025-09-08 20:04:52,589 - WARNING -   - BYBIT 1000CATUSDT LONG: $406.58
2025-09-08 20:04:52,589 - WARNING -   - BYBIT CELRUSDT LONG: $896.50
2025-09-08 20:04:52,589 - WARNING -   - BYBIT METISUSDT LONG: $400.28
2025-09-08 20:04:52,589 - WARNING -   - BYBIT SOLUSDT LONG: $2371.66
2025-09-08 20:04:52,589 - WARNING -   - BYBIT MOODENGUSDT LONG: $602.76
2025-09-08 20:04:52,589 - WARNING -   - BYBIT SLERFUSDT LONG: $204.00
2025-09-08 20:04:52,589 - WARNING -   - BYBIT 1000000BABYDOGEUSDT LONG: $620.06
2025-09-08 20:04:52,589 - WARNING -   - BYBIT NOTUSDT LONG: $408.10
2025-09-08 20:04:52,590 - WARNING -   - BYBIT AAVEUSDT LONG: $762.19
2025-09-08 20:04:52,590 - WARNING -   - BYBIT IMXUSDT LONG: $195.96
2025-09-08 20:04:52,590 - WARNING -   - BYBIT QNTUSDT LONG: $806.48
2025-09-08 20:04:52,590 - WARNING -   - BYBIT LSKUSDT LONG: $100.01
2025-09-08 20:04:52,590 - WARNING -   - BYBIT PORTALUSDT LONG: $95.91
2025-09-08 20:04:52,590 - WARNING -   - BYBIT MANTAUSDT LONG: $100.09
2025-09-08 20:04:52,590 - WARNING -   - BYBIT 10000COQUSDT LONG: $96.70
2025-09-08 20:04:52,590 - WARNING -   - BYBIT CHESSUSDT LONG: $100.12
2025-09-08 20:05:24,012 - INFO - Connected to Binance Futures Testnet
2025-09-08 20:05:24,910 - INFO - Loaded 532 tradeable symbols
2025-09-08 20:05:25,910 - INFO - Binance connection closed
2025-09-08 20:05:26,832 - INFO - Bybit testnet connected successfully
2025-09-08 20:05:34,646 - INFO - Bybit connection closed
2025-09-08 20:05:34,649 - INFO - 📊 Check #3: 20 positions, 20 unprotected, 0 missing TS
2025-09-08 20:05:34,649 - WARNING - ⚠️ Unprotected positions:
2025-09-08 20:05:34,650 - WARNING -   - BYBIT PEOPLEUSDT LONG: $114.93
2025-09-08 20:05:34,650 - WARNING -   - BYBIT RUNEUSDT LONG: $56.88
2025-09-08 20:05:34,650 - WARNING -   - BYBIT OPUSDT LONG: $100.03
2025-09-08 20:05:34,650 - WARNING -   - BYBIT BOMEUSDT LONG: $184.80
2025-09-08 20:05:34,650 - WARNING -   - BYBIT 1000CATUSDT LONG: $406.52
2025-09-08 20:05:34,650 - WARNING -   - BYBIT CELRUSDT LONG: $895.54
2025-09-08 20:05:34,650 - WARNING -   - BYBIT METISUSDT LONG: $400.28
2025-09-08 20:05:34,650 - WARNING -   - BYBIT SOLUSDT LONG: $2371.54
2025-09-08 20:05:34,650 - WARNING -   - BYBIT MOODENGUSDT LONG: $602.76
2025-09-08 20:05:34,650 - WARNING -   - BYBIT SLERFUSDT LONG: $204.00
2025-09-08 20:05:34,650 - WARNING -   - BYBIT 1000000BABYDOGEUSDT LONG: $619.79
2025-09-08 20:05:34,650 - WARNING -   - BYBIT NOTUSDT LONG: $407.65
2025-09-08 20:05:34,650 - WARNING -   - BYBIT AAVEUSDT LONG: $762.19
2025-09-08 20:05:34,651 - WARNING -   - BYBIT IMXUSDT LONG: $195.96
2025-09-08 20:05:34,651 - WARNING -   - BYBIT QNTUSDT LONG: $806.48
2025-09-08 20:05:34,651 - WARNING -   - BYBIT LSKUSDT LONG: $100.01
2025-09-08 20:05:34,651 - WARNING -   - BYBIT PORTALUSDT LONG: $95.87
2025-09-08 20:05:34,651 - WARNING -   - BYBIT MANTAUSDT LONG: $100.09
2025-09-08 20:05:34,651 - WARNING -   - BYBIT 10000COQUSDT LONG: $96.75
2025-09-08 20:05:34,651 - WARNING -   - BYBIT CHESSUSDT LONG: $100.10
2025-09-08 20:06:06,539 - INFO - Connected to Binance Futures Testnet
2025-09-08 20:06:07,207 - INFO - Loaded 532 tradeable symbols
2025-09-08 20:06:08,238 - INFO - Binance connection closed
2025-09-08 20:06:09,074 - INFO - Bybit testnet connected successfully
2025-09-08 20:06:17,556 - INFO - Bybit connection closed
2025-09-08 20:06:17,558 - INFO - 📊 Check #4: 20 positions, 20 unprotected, 0 missing TS
2025-09-08 20:06:17,558 - WARNING - ⚠️ Unprotected positions:
2025-09-08 20:06:17,558 - WARNING -   - BYBIT PEOPLEUSDT LONG: $114.82
2025-09-08 20:06:17,558 - WARNING -   - BYBIT RUNEUSDT LONG: $56.88
2025-09-08 20:06:17,558 - WARNING -   - BYBIT OPUSDT LONG: $100.03
2025-09-08 20:06:17,559 - WARNING -   - BYBIT BOMEUSDT LONG: $184.70
2025-09-08 20:06:17,559 - WARNING -   - BYBIT 1000CATUSDT LONG: $406.52
2025-09-08 20:06:17,559 - WARNING -   - BYBIT CELRUSDT LONG: $895.27
2025-09-08 20:06:17,559 - WARNING -   - BYBIT METISUSDT LONG: $400.28
2025-09-08 20:06:17,559 - WARNING -   - BYBIT SOLUSDT LONG: $2371.24
2025-09-08 20:06:17,559 - WARNING -   - BYBIT MOODENGUSDT LONG: $602.76
2025-09-08 20:06:17,559 - WARNING -   - BYBIT SLERFUSDT LONG: $204.00
2025-09-08 20:06:17,559 - WARNING -   - BYBIT 1000000BABYDOGEUSDT LONG: $619.69
2025-09-08 20:06:17,559 - WARNING -   - BYBIT NOTUSDT LONG: $407.65
2025-09-08 20:06:17,559 - WARNING -   - BYBIT AAVEUSDT LONG: $762.19
2025-09-08 20:06:17,559 - WARNING -   - BYBIT IMXUSDT LONG: $195.92
2025-09-08 20:06:17,559 - WARNING -   - BYBIT QNTUSDT LONG: $806.48
2025-09-08 20:06:17,559 - WARNING -   - BYBIT LSKUSDT LONG: $100.01
2025-09-08 20:06:17,559 - WARNING -   - BYBIT PORTALUSDT LONG: $95.84
2025-09-08 20:06:17,559 - WARNING -   - BYBIT MANTAUSDT LONG: $99.99
2025-09-08 20:06:17,559 - WARNING -   - BYBIT 10000COQUSDT LONG: $96.70
2025-09-08 20:06:17,559 - WARNING -   - BYBIT CHESSUSDT LONG: $100.01
2025-09-08 20:06:48,509 - INFO - Connected to Binance Futures Testnet
2025-09-08 20:06:49,862 - INFO - Loaded 532 tradeable symbols
2025-09-08 20:06:50,433 - INFO - Binance connection closed
2025-09-08 20:06:51,021 - INFO - Bybit testnet connected successfully
2025-09-08 20:07:00,503 - INFO - Bybit connection closed
2025-09-08 20:07:00,506 - INFO - 📊 Check #5: 20 positions, 20 unprotected, 0 missing TS
2025-09-08 20:07:00,507 - WARNING - ⚠️ Unprotected positions:
2025-09-08 20:07:00,507 - WARNING -   - BYBIT PEOPLEUSDT LONG: $114.70
2025-09-08 20:07:00,507 - WARNING -   - BYBIT RUNEUSDT LONG: $56.88
2025-09-08 20:07:00,507 - WARNING -   - BYBIT OPUSDT LONG: $100.04
2025-09-08 20:07:00,507 - WARNING -   - BYBIT BOMEUSDT LONG: $184.70
2025-09-08 20:07:00,507 - WARNING -   - BYBIT 1000CATUSDT LONG: $406.52
2025-09-08 20:07:00,507 - WARNING -   - BYBIT CELRUSDT LONG: $895.27
2025-09-08 20:07:00,507 - WARNING -   - BYBIT METISUSDT LONG: $400.28
2025-09-08 20:07:00,507 - WARNING -   - BYBIT SOLUSDT LONG: $2371.60
2025-09-08 20:07:00,507 - WARNING -   - BYBIT MOODENGUSDT LONG: $602.76
2025-09-08 20:07:00,507 - WARNING -   - BYBIT SLERFUSDT LONG: $204.00
2025-09-08 20:07:00,507 - WARNING -   - BYBIT 1000000BABYDOGEUSDT LONG: $619.69
2025-09-08 20:07:00,507 - WARNING -   - BYBIT NOTUSDT LONG: $407.65
2025-09-08 20:07:00,507 - WARNING -   - BYBIT AAVEUSDT LONG: $762.19
2025-09-08 20:07:00,507 - WARNING -   - BYBIT IMXUSDT LONG: $195.92
2025-09-08 20:07:00,507 - WARNING -   - BYBIT QNTUSDT LONG: $806.48
2025-09-08 20:07:00,507 - WARNING -   - BYBIT LSKUSDT LONG: $100.01
2025-09-08 20:07:00,507 - WARNING -   - BYBIT PORTALUSDT LONG: $95.84
2025-09-08 20:07:00,508 - WARNING -   - BYBIT MANTAUSDT LONG: $99.99
2025-09-08 20:07:00,508 - WARNING -   - BYBIT 10000COQUSDT LONG: $96.70
2025-09-08 20:07:00,508 - WARNING -   - BYBIT CHESSUSDT LONG: $99.98
